[27-Nov-2015 21:24:06 UTC] PHP Parse error:  syntax error, unexpected '' (T_ENCAPSED_AND_WHITESPACE), expecting identifier (T_STRING) or variable (T_VARIABLE) or number (T_NUM_STRING) in /home/ubuntu/workspace/Staging/viewReservations.php on line 40
[27-Nov-2015 21:24:47 UTC] PHP Parse error:  syntax error, unexpected '' (T_ENCAPSED_AND_WHITESPACE), expecting identifier (T_STRING) or variable (T_VARIABLE) or number (T_NUM_STRING) in /home/ubuntu/workspace/Staging/viewReservations.php on line 40
[27-Nov-2015 21:24:53 UTC] PHP Parse error:  syntax error, unexpected '' (T_ENCAPSED_AND_WHITESPACE), expecting identifier (T_STRING) or variable (T_VARIABLE) or number (T_NUM_STRING) in /home/ubuntu/workspace/Staging/viewReservations.php on line 40
[27-Nov-2015 21:25:02 UTC] PHP Parse error:  syntax error, unexpected '' (T_ENCAPSED_AND_WHITESPACE), expecting identifier (T_STRING) or variable (T_VARIABLE) or number (T_NUM_STRING) in /home/ubuntu/workspace/Staging/viewReservations.php on line 39
[27-Nov-2015 21:25:16 UTC] PHP Parse error:  syntax error, unexpected '' (T_ENCAPSED_AND_WHITESPACE), expecting identifier (T_STRING) or variable (T_VARIABLE) or number (T_NUM_STRING) in /home/ubuntu/workspace/Staging/viewReservations.php on line 39
[27-Nov-2015 21:26:19 UTC] PHP Parse error:  syntax error, unexpected '' (T_ENCAPSED_AND_WHITESPACE), expecting identifier (T_STRING) or variable (T_VARIABLE) or number (T_NUM_STRING) in /home/ubuntu/workspace/Staging/viewReservations.php on line 40
[27-Nov-2015 21:27:05 UTC] PHP Parse error:  syntax error, unexpected '' (T_ENCAPSED_AND_WHITESPACE), expecting identifier (T_STRING) or variable (T_VARIABLE) or number (T_NUM_STRING) in /home/ubuntu/workspace/Staging/viewReservations.php on line 40
[28-Nov-2015 05:59:54 UTC] PHP Parse error:  syntax error, unexpected 'echo' (T_ECHO), expecting ',' or ';' in /home/ubuntu/workspace/Staging/viewReservations.php on line 64
[29-Nov-2015 04:08:34 UTC] PHP Parse error:  syntax error, unexpected 'else' (T_ELSE) in /home/ubuntu/workspace/Staging/deleteRecord.php on line 16
[29-Nov-2015 04:08:50 UTC] PHP Parse error:  syntax error, unexpected 'else' (T_ELSE) in /home/ubuntu/workspace/Staging/deleteRecord.php on line 16
[30-Nov-2015 23:52:34 UTC] PHP Warning:  mysql_query(): Access denied for user ''@'localhost' (using password: NO) in /home/ubuntu/workspace/Staging/editRecord.php on line 45
[30-Nov-2015 23:52:34 UTC] PHP Stack trace:
[30-Nov-2015 23:52:34 UTC] PHP   1. {main}() /home/ubuntu/workspace/Staging/editRecord.php:0
[30-Nov-2015 23:52:34 UTC] PHP   2. mysql_query(*uninitialized*) /home/ubuntu/workspace/Staging/editRecord.php:45
[30-Nov-2015 23:52:34 UTC] PHP Warning:  mysql_query(): A link to the server could not be established in /home/ubuntu/workspace/Staging/editRecord.php on line 45
[30-Nov-2015 23:52:34 UTC] PHP Stack trace:
[30-Nov-2015 23:52:34 UTC] PHP   1. {main}() /home/ubuntu/workspace/Staging/editRecord.php:0
[30-Nov-2015 23:52:34 UTC] PHP   2. mysql_query(*uninitialized*) /home/ubuntu/workspace/Staging/editRecord.php:45
[30-Nov-2015 23:52:34 UTC] PHP Warning:  mysql_fetch_assoc() expects parameter 1 to be resource, boolean given in /home/ubuntu/workspace/Staging/editRecord.php on line 47
[30-Nov-2015 23:52:34 UTC] PHP Stack trace:
[30-Nov-2015 23:52:34 UTC] PHP   1. {main}() /home/ubuntu/workspace/Staging/editRecord.php:0
[30-Nov-2015 23:52:34 UTC] PHP   2. mysql_fetch_assoc(*uninitialized*) /home/ubuntu/workspace/Staging/editRecord.php:47
[30-Nov-2015 23:53:21 UTC] PHP Parse error:  syntax error, unexpected '$query2' (T_VARIABLE), expecting ',' or ';' in /home/ubuntu/workspace/Staging/editRecord.php on line 67
[30-Nov-2015 23:53:32 UTC] PHP Warning:  mysql_query(): Access denied for user ''@'localhost' (using password: NO) in /home/ubuntu/workspace/Staging/editRecord.php on line 67
[30-Nov-2015 23:53:32 UTC] PHP Stack trace:
[30-Nov-2015 23:53:32 UTC] PHP   1. {main}() /home/ubuntu/workspace/Staging/editRecord.php:0
[30-Nov-2015 23:53:32 UTC] PHP   2. mysql_query(*uninitialized*) /home/ubuntu/workspace/Staging/editRecord.php:67
[30-Nov-2015 23:53:32 UTC] PHP Warning:  mysql_query(): A link to the server could not be established in /home/ubuntu/workspace/Staging/editRecord.php on line 67
[30-Nov-2015 23:53:32 UTC] PHP Stack trace:
[30-Nov-2015 23:53:32 UTC] PHP   1. {main}() /home/ubuntu/workspace/Staging/editRecord.php:0
[30-Nov-2015 23:53:32 UTC] PHP   2. mysql_query(*uninitialized*) /home/ubuntu/workspace/Staging/editRecord.php:67
[30-Nov-2015 23:53:32 UTC] PHP Warning:  mysql_fetch_assoc() expects parameter 1 to be resource, boolean given in /home/ubuntu/workspace/Staging/editRecord.php on line 69
[30-Nov-2015 23:53:32 UTC] PHP Stack trace:
[30-Nov-2015 23:53:32 UTC] PHP   1. {main}() /home/ubuntu/workspace/Staging/editRecord.php:0
[30-Nov-2015 23:53:32 UTC] PHP   2. mysql_fetch_assoc(*uninitialized*) /home/ubuntu/workspace/Staging/editRecord.php:69
[30-Nov-2015 23:54:50 UTC] PHP Warning:  mysql_query(): Access denied for user ''@'localhost' (using password: NO) in /home/ubuntu/workspace/Staging/editRecord.php on line 67
[30-Nov-2015 23:54:50 UTC] PHP Stack trace:
[30-Nov-2015 23:54:50 UTC] PHP   1. {main}() /home/ubuntu/workspace/Staging/editRecord.php:0
[30-Nov-2015 23:54:50 UTC] PHP   2. mysql_query(*uninitialized*) /home/ubuntu/workspace/Staging/editRecord.php:67
[30-Nov-2015 23:54:50 UTC] PHP Warning:  mysql_query(): A link to the server could not be established in /home/ubuntu/workspace/Staging/editRecord.php on line 67
[30-Nov-2015 23:54:50 UTC] PHP Stack trace:
[30-Nov-2015 23:54:50 UTC] PHP   1. {main}() /home/ubuntu/workspace/Staging/editRecord.php:0
[30-Nov-2015 23:54:50 UTC] PHP   2. mysql_query(*uninitialized*) /home/ubuntu/workspace/Staging/editRecord.php:67
[30-Nov-2015 23:54:50 UTC] PHP Warning:  mysql_fetch_assoc() expects parameter 1 to be resource, boolean given in /home/ubuntu/workspace/Staging/editRecord.php on line 69
[30-Nov-2015 23:54:50 UTC] PHP Stack trace:
[30-Nov-2015 23:54:50 UTC] PHP   1. {main}() /home/ubuntu/workspace/Staging/editRecord.php:0
[30-Nov-2015 23:54:50 UTC] PHP   2. mysql_fetch_assoc(*uninitialized*) /home/ubuntu/workspace/Staging/editRecord.php:69
[30-Nov-2015 23:55:00 UTC] PHP Warning:  mysqli_connect(): (HY000/1045): Access denied for user 'lizsan708'@'localhost' (using password: YES) in /home/ubuntu/workspace/Staging/connect.php on line 8
[30-Nov-2015 23:55:00 UTC] PHP Stack trace:
[30-Nov-2015 23:55:00 UTC] PHP   1. {main}() /home/ubuntu/workspace/Staging/editRecord.php:0
[30-Nov-2015 23:55:00 UTC] PHP   2. include_once() /home/ubuntu/workspace/Staging/editRecord.php:2
[30-Nov-2015 23:55:00 UTC] PHP   3. mysqli_connect(*uninitialized*, *uninitialized*, *uninitialized*, *uninitialized*) /home/ubuntu/workspace/Staging/connect.php:8
[30-Nov-2015 23:55:04 UTC] PHP Warning:  mysql_query(): Access denied for user ''@'localhost' (using password: NO) in /home/ubuntu/workspace/Staging/editRecord.php on line 67
[30-Nov-2015 23:55:04 UTC] PHP Stack trace:
[30-Nov-2015 23:55:04 UTC] PHP   1. {main}() /home/ubuntu/workspace/Staging/editRecord.php:0
[30-Nov-2015 23:55:04 UTC] PHP   2. mysql_query(*uninitialized*) /home/ubuntu/workspace/Staging/editRecord.php:67
[30-Nov-2015 23:55:04 UTC] PHP Warning:  mysql_query(): A link to the server could not be established in /home/ubuntu/workspace/Staging/editRecord.php on line 67
[30-Nov-2015 23:55:04 UTC] PHP Stack trace:
[30-Nov-2015 23:55:04 UTC] PHP   1. {main}() /home/ubuntu/workspace/Staging/editRecord.php:0
[30-Nov-2015 23:55:04 UTC] PHP   2. mysql_query(*uninitialized*) /home/ubuntu/workspace/Staging/editRecord.php:67
[30-Nov-2015 23:55:04 UTC] PHP Warning:  mysql_fetch_assoc() expects parameter 1 to be resource, boolean given in /home/ubuntu/workspace/Staging/editRecord.php on line 69
[30-Nov-2015 23:55:04 UTC] PHP Stack trace:
[30-Nov-2015 23:55:04 UTC] PHP   1. {main}() /home/ubuntu/workspace/Staging/editRecord.php:0
[30-Nov-2015 23:55:04 UTC] PHP   2. mysql_fetch_assoc(*uninitialized*) /home/ubuntu/workspace/Staging/editRecord.php:69
[30-Nov-2015 23:55:18 UTC] PHP Warning:  mysql_query(): Access denied for user ''@'localhost' (using password: NO) in /home/ubuntu/workspace/Staging/editRecord.php on line 81
[30-Nov-2015 23:55:18 UTC] PHP Stack trace:
[30-Nov-2015 23:55:18 UTC] PHP   1. {main}() /home/ubuntu/workspace/Staging/editRecord.php:0
[30-Nov-2015 23:55:18 UTC] PHP   2. mysql_query(*uninitialized*) /home/ubuntu/workspace/Staging/editRecord.php:81
[30-Nov-2015 23:55:18 UTC] PHP Warning:  mysql_query(): A link to the server could not be established in /home/ubuntu/workspace/Staging/editRecord.php on line 81
[30-Nov-2015 23:55:18 UTC] PHP Stack trace:
[30-Nov-2015 23:55:18 UTC] PHP   1. {main}() /home/ubuntu/workspace/Staging/editRecord.php:0
[30-Nov-2015 23:55:18 UTC] PHP   2. mysql_query(*uninitialized*) /home/ubuntu/workspace/Staging/editRecord.php:81
[30-Nov-2015 23:55:18 UTC] PHP Warning:  mysql_fetch_assoc() expects parameter 1 to be resource, boolean given in /home/ubuntu/workspace/Staging/editRecord.php on line 83
[30-Nov-2015 23:55:18 UTC] PHP Stack trace:
[30-Nov-2015 23:55:18 UTC] PHP   1. {main}() /home/ubuntu/workspace/Staging/editRecord.php:0
[30-Nov-2015 23:55:18 UTC] PHP   2. mysql_fetch_assoc(*uninitialized*) /home/ubuntu/workspace/Staging/editRecord.php:83
[30-Nov-2015 23:55:45 UTC] PHP Warning:  mysqli_connect(): php_network_getaddresses: getaddrinfo failed: Name or service not known in /home/ubuntu/workspace/Staging/editRecord.php on line 9
[30-Nov-2015 23:55:45 UTC] PHP Stack trace:
[30-Nov-2015 23:55:45 UTC] PHP   1. {main}() /home/ubuntu/workspace/Staging/editRecord.php:0
[30-Nov-2015 23:55:45 UTC] PHP   2. mysqli_connect(*uninitialized*, *uninitialized*, *uninitialized*, *uninitialized*) /home/ubuntu/workspace/Staging/editRecord.php:9
[30-Nov-2015 23:55:45 UTC] PHP Warning:  mysqli_connect(): (HY000/2002): php_network_getaddresses: getaddrinfo failed: Name or service not known in /home/ubuntu/workspace/Staging/editRecord.php on line 9
[30-Nov-2015 23:55:45 UTC] PHP Stack trace:
[30-Nov-2015 23:55:45 UTC] PHP   1. {main}() /home/ubuntu/workspace/Staging/editRecord.php:0
[30-Nov-2015 23:55:45 UTC] PHP   2. mysqli_connect(*uninitialized*, *uninitialized*, *uninitialized*, *uninitialized*) /home/ubuntu/workspace/Staging/editRecord.php:9
[30-Nov-2015 23:55:51 UTC] PHP Warning:  mysql_query(): Access denied for user ''@'localhost' (using password: NO) in /home/ubuntu/workspace/Staging/editRecord.php on line 81
[30-Nov-2015 23:55:51 UTC] PHP Stack trace:
[30-Nov-2015 23:55:51 UTC] PHP   1. {main}() /home/ubuntu/workspace/Staging/editRecord.php:0
[30-Nov-2015 23:55:51 UTC] PHP   2. mysql_query(*uninitialized*) /home/ubuntu/workspace/Staging/editRecord.php:81
[30-Nov-2015 23:55:51 UTC] PHP Warning:  mysql_query(): A link to the server could not be established in /home/ubuntu/workspace/Staging/editRecord.php on line 81
[30-Nov-2015 23:55:51 UTC] PHP Stack trace:
[30-Nov-2015 23:55:51 UTC] PHP   1. {main}() /home/ubuntu/workspace/Staging/editRecord.php:0
[30-Nov-2015 23:55:51 UTC] PHP   2. mysql_query(*uninitialized*) /home/ubuntu/workspace/Staging/editRecord.php:81
[30-Nov-2015 23:55:51 UTC] PHP Warning:  mysql_fetch_assoc() expects parameter 1 to be resource, boolean given in /home/ubuntu/workspace/Staging/editRecord.php on line 83
[30-Nov-2015 23:55:51 UTC] PHP Stack trace:
[30-Nov-2015 23:55:51 UTC] PHP   1. {main}() /home/ubuntu/workspace/Staging/editRecord.php:0
[30-Nov-2015 23:55:51 UTC] PHP   2. mysql_fetch_assoc(*uninitialized*) /home/ubuntu/workspace/Staging/editRecord.php:83
[30-Nov-2015 23:57:13 UTC] PHP Parse error:  syntax error, unexpected '}' in /home/ubuntu/workspace/Staging/editRecord.php on line 89
[01-Dec-2015 00:01:47 UTC] PHP Parse error:  syntax error, unexpected '"', expecting identifier (T_STRING) or variable (T_VARIABLE) or number (T_NUM_STRING) in /home/ubuntu/workspace/Staging/editRecord.php on line 74
[01-Dec-2015 00:02:03 UTC] PHP Parse error:  syntax error, unexpected '' (T_ENCAPSED_AND_WHITESPACE), expecting identifier (T_STRING) or variable (T_VARIABLE) or number (T_NUM_STRING) in /home/ubuntu/workspace/Staging/editRecord.php on line 74
[01-Dec-2015 00:16:01 UTC] PHP Warning:  mysql_num_fields() expects parameter 1 to be resource, boolean given in /home/ubuntu/workspace/Staging/editRecord.php on line 83
[01-Dec-2015 00:16:01 UTC] PHP Stack trace:
[01-Dec-2015 00:16:01 UTC] PHP   1. {main}() /home/ubuntu/workspace/Staging/editRecord.php:0
[01-Dec-2015 00:16:01 UTC] PHP   2. mysql_num_fields(*uninitialized*) /home/ubuntu/workspace/Staging/editRecord.php:83
[01-Dec-2015 00:16:01 UTC] PHP Warning:  mysql_fetch_row() expects parameter 1 to be resource, boolean given in /home/ubuntu/workspace/Staging/editRecord.php on line 89
[01-Dec-2015 00:16:01 UTC] PHP Stack trace:
[01-Dec-2015 00:16:01 UTC] PHP   1. {main}() /home/ubuntu/workspace/Staging/editRecord.php:0
[01-Dec-2015 00:16:01 UTC] PHP   2. mysql_fetch_row(*uninitialized*) /home/ubuntu/workspace/Staging/editRecord.php:89
[01-Dec-2015 00:16:53 UTC] PHP Warning:  mysql_query(): Access denied for user ''@'localhost' (using password: NO) in /home/ubuntu/workspace/Staging/editRecord.php on line 69
[01-Dec-2015 00:16:53 UTC] PHP Stack trace:
[01-Dec-2015 00:16:53 UTC] PHP   1. {main}() /home/ubuntu/workspace/Staging/editRecord.php:0
[01-Dec-2015 00:16:53 UTC] PHP   2. mysql_query(*uninitialized*) /home/ubuntu/workspace/Staging/editRecord.php:69
[01-Dec-2015 00:16:53 UTC] PHP Warning:  mysql_query(): A link to the server could not be established in /home/ubuntu/workspace/Staging/editRecord.php on line 69
[01-Dec-2015 00:16:53 UTC] PHP Stack trace:
[01-Dec-2015 00:16:53 UTC] PHP   1. {main}() /home/ubuntu/workspace/Staging/editRecord.php:0
[01-Dec-2015 00:16:53 UTC] PHP   2. mysql_query(*uninitialized*) /home/ubuntu/workspace/Staging/editRecord.php:69
[01-Dec-2015 00:16:59 UTC] PHP Warning:  mysql_query(): Access denied for user ''@'localhost' (using password: NO) in /home/ubuntu/workspace/Staging/editRecord.php on line 69
[01-Dec-2015 00:17:00 UTC] PHP Stack trace:
[01-Dec-2015 00:17:00 UTC] PHP   1. {main}() /home/ubuntu/workspace/Staging/editRecord.php:0
[01-Dec-2015 00:17:00 UTC] PHP   2. mysql_query(*uninitialized*) /home/ubuntu/workspace/Staging/editRecord.php:69
[01-Dec-2015 00:17:00 UTC] PHP Warning:  mysql_query(): A link to the server could not be established in /home/ubuntu/workspace/Staging/editRecord.php on line 69
[01-Dec-2015 00:17:00 UTC] PHP Stack trace:
[01-Dec-2015 00:17:00 UTC] PHP   1. {main}() /home/ubuntu/workspace/Staging/editRecord.php:0
[01-Dec-2015 00:17:00 UTC] PHP   2. mysql_query(*uninitialized*) /home/ubuntu/workspace/Staging/editRecord.php:69
